# started on Fri Mar 19 13:18:14 2021

#           time             counts   unit events
     1.000140961              51.46 Joules power/energy-pkg/                                           
     2.000357051              48.18 Joules power/energy-pkg/                                           
     3.000551417              46.99 Joules power/energy-pkg/                                           
     4.000780847              44.46 Joules power/energy-pkg/                                           
     5.000909437              50.55 Joules power/energy-pkg/                                           
     6.001062652              48.15 Joules power/energy-pkg/                                           
     7.001209873              46.56 Joules power/energy-pkg/                                           
     8.001376997              49.13 Joules power/energy-pkg/                                           
     9.001573092              50.73 Joules power/energy-pkg/                                           
    10.001728696              48.12 Joules power/energy-pkg/                                           
    11.001886860              46.66 Joules power/energy-pkg/                                           
    12.002072556              48.78 Joules power/energy-pkg/                                           
    13.002204998              50.47 Joules power/energy-pkg/                                           
    14.002361648              48.15 Joules power/energy-pkg/                                           
    15.002515783              46.74 Joules power/energy-pkg/                                           
    16.002691917              50.11 Joules power/energy-pkg/                                           
    17.002847939              51.20 Joules power/energy-pkg/                                           
    18.002997766              48.10 Joules power/energy-pkg/                                           
    19.003145792              46.97 Joules power/energy-pkg/                                           
    20.003307019              51.66 Joules power/energy-pkg/                                           
    21.003464152              50.55 Joules power/energy-pkg/                                           
    22.003601450              47.14 Joules power/energy-pkg/                                           
    23.003758125              47.87 Joules power/energy-pkg/                                           
    24.003908774              52.74 Joules power/energy-pkg/                                           
    25.004106718              49.23 Joules power/energy-pkg/                                           
#           time             counts   unit events
    26.004249331              46.73 Joules power/energy-pkg/                                           
    27.004434490              42.02 Joules power/energy-pkg/                                           
    28.004542214              50.27 Joules power/energy-pkg/                                           
    29.004721007              49.57 Joules power/energy-pkg/                                           
    30.004868304              46.67 Joules power/energy-pkg/                                           
    31.005046794              49.48 Joules power/energy-pkg/                                           
    32.005201627              51.95 Joules power/energy-pkg/                                           
    33.005344892              48.63 Joules power/energy-pkg/                                           
    34.005493159              46.94 Joules power/energy-pkg/                                           
    35.005651485              51.12 Joules power/energy-pkg/                                           
    36.005812984              50.88 Joules power/energy-pkg/                                           
    37.005962302              47.52 Joules power/energy-pkg/                                           
    38.006108108              47.39 Joules power/energy-pkg/                                           
    39.006249133              52.76 Joules power/energy-pkg/                                           
    40.006425337              49.47 Joules power/energy-pkg/                                           
    41.006570221              46.67 Joules power/energy-pkg/                                           
    42.006751846              43.02 Joules power/energy-pkg/                                           
    43.006882118              33.50 Joules power/energy-pkg/                                           
    44.007063257              50.98 Joules power/energy-pkg/                                           
    45.007262506              48.85 Joules power/energy-pkg/                                           
    46.007420077              46.90 Joules power/energy-pkg/                                           
    47.007574971              48.14 Joules power/energy-pkg/                                           
    48.007761253              52.14 Joules power/energy-pkg/                                           
    49.007944942              48.43 Joules power/energy-pkg/                                           
    50.008099629              46.64 Joules power/energy-pkg/                                           
#           time             counts   unit events
    51.008272285              49.04 Joules power/energy-pkg/                                           
    52.008527681              50.79 Joules power/energy-pkg/                                           
    53.008687560              48.04 Joules power/energy-pkg/                                           
    54.008838265              46.71 Joules power/energy-pkg/                                           
    55.009000168              46.64 Joules power/energy-pkg/                                           
    56.009188544              50.61 Joules power/energy-pkg/                                           
    57.009346178              48.32 Joules power/energy-pkg/                                           
    58.009493143              46.52 Joules power/energy-pkg/                                           
    59.009664545              41.29 Joules power/energy-pkg/                                           
    60.009779296              47.35 Joules power/energy-pkg/                                           
    61.009931125              50.13 Joules power/energy-pkg/                                           
    62.010083534              47.19 Joules power/energy-pkg/                                           
    63.010254707              47.24 Joules power/energy-pkg/                                           
    64.010445515              51.16 Joules power/energy-pkg/                                           
    65.010697554              49.74 Joules power/energy-pkg/                                           
    66.010857567              46.96 Joules power/energy-pkg/                                           
    67.011007289              47.12 Joules power/energy-pkg/                                           
    68.011176908              52.05 Joules power/energy-pkg/                                           
    69.011361417              49.70 Joules power/energy-pkg/                                           
    70.011521804              46.60 Joules power/energy-pkg/                                           
    71.011723556              48.61 Joules power/energy-pkg/                                           
    72.011902257              48.31 Joules power/energy-pkg/                                           
    73.012049348              49.10 Joules power/energy-pkg/                                           
    74.012214920              46.92 Joules power/energy-pkg/                                           
    75.012399301              47.72 Joules power/energy-pkg/                                           
#           time             counts   unit events
    76.012556370              45.85 Joules power/energy-pkg/                                           
    77.012732856              50.22 Joules power/energy-pkg/                                           
    78.012893652              47.13 Joules power/energy-pkg/                                           
    79.013058306              47.22 Joules power/energy-pkg/                                           
    80.013265685              48.45 Joules power/energy-pkg/                                           
    81.013515138              50.48 Joules power/energy-pkg/                                           
    82.013644661              46.99 Joules power/energy-pkg/                                           
    83.013804875              46.98 Joules power/energy-pkg/                                           
    84.013991704              51.57 Joules power/energy-pkg/                                           
    85.014186505              49.77 Joules power/energy-pkg/                                           
    86.014340890              46.79 Joules power/energy-pkg/                                           
    87.014493966              47.81 Joules power/energy-pkg/                                           
    88.014649983              52.02 Joules power/energy-pkg/                                           
    89.014811765              49.54 Joules power/energy-pkg/                                           
    90.015023845              46.66 Joules power/energy-pkg/                                           
    91.015241538              46.03 Joules power/energy-pkg/                                           
    92.015436986              51.87 Joules power/energy-pkg/                                           
    93.015574206              48.92 Joules power/energy-pkg/                                           
    94.015708289              46.69 Joules power/energy-pkg/                                           
    95.015872473              46.74 Joules power/energy-pkg/                                           
    96.016034196              51.87 Joules power/energy-pkg/                                           
    97.016182838              48.78 Joules power/energy-pkg/                                           
    98.016332353              46.63 Joules power/energy-pkg/                                           
    99.016505715              50.78 Joules power/energy-pkg/                                           
   100.016745799              50.87 Joules power/energy-pkg/                                           
#           time             counts   unit events
   101.016905168              47.80 Joules power/energy-pkg/                                           
   102.017072361              47.05 Joules power/energy-pkg/                                           
   103.017231707              51.56 Joules power/energy-pkg/                                           
   104.017399184              49.96 Joules power/energy-pkg/                                           
   105.017549077              46.88 Joules power/energy-pkg/                                           
   106.017736243              47.67 Joules power/energy-pkg/                                           
   107.017888960              45.58 Joules power/energy-pkg/                                           
   108.018090392              49.49 Joules power/energy-pkg/                                           
   109.018241267              47.33 Joules power/energy-pkg/                                           
   110.018383699              46.94 Joules power/energy-pkg/                                           
   111.018543673              46.65 Joules power/energy-pkg/                                           
   112.018703096              51.09 Joules power/energy-pkg/                                           
   113.018875716              47.50 Joules power/energy-pkg/                                           
   114.019040023              46.85 Joules power/energy-pkg/                                           
   115.019184616              46.33 Joules power/energy-pkg/                                           
   116.019319975              51.22 Joules power/energy-pkg/                                           
   117.019486997              47.87 Joules power/energy-pkg/                                           
   118.019619173              46.71 Joules power/energy-pkg/                                           
   119.019777402              49.79 Joules power/energy-pkg/                                           
   120.019922417              51.11 Joules power/energy-pkg/                                           
   121.020110651              47.75 Joules power/energy-pkg/                                           
   122.020346691              46.90 Joules power/energy-pkg/                                           
   123.020525079              41.28 Joules power/energy-pkg/                                           
   124.020649370              51.21 Joules power/energy-pkg/                                           
   125.020796294              48.54 Joules power/energy-pkg/                                           
#           time             counts   unit events
   126.020930983              46.51 Joules power/energy-pkg/                                           
   127.021063320              48.49 Joules power/energy-pkg/                                           
   128.021212271              51.68 Joules power/energy-pkg/                                           
   129.021358208              48.52 Joules power/energy-pkg/                                           
   130.021510973              46.39 Joules power/energy-pkg/                                           
   131.021655802              49.77 Joules power/energy-pkg/                                           
   132.021805974              51.11 Joules power/energy-pkg/                                           
   133.021956017              47.81 Joules power/energy-pkg/                                           
   134.022118797              46.85 Joules power/energy-pkg/                                           
   135.022335390              50.28 Joules power/energy-pkg/                                           
   136.022594713              50.68 Joules power/energy-pkg/                                           
   137.022741899              47.46 Joules power/energy-pkg/                                           
   138.022888848              46.87 Joules power/energy-pkg/                                           
   139.023042650              47.53 Joules power/energy-pkg/                                           
   140.023186503              50.69 Joules power/energy-pkg/                                           
   141.023321248              47.36 Joules power/energy-pkg/                                           
   142.023463992              46.83 Joules power/energy-pkg/                                           
   143.023613664              51.08 Joules power/energy-pkg/                                           
   144.023762196              50.33 Joules power/energy-pkg/                                           
   145.023906918              46.88 Joules power/energy-pkg/                                           
   146.024055403              47.02 Joules power/energy-pkg/                                           
   147.024209185              45.71 Joules power/energy-pkg/                                           
   148.024366994              50.72 Joules power/energy-pkg/                                           
   149.024512511              47.26 Joules power/energy-pkg/                                           
   150.024704619              46.86 Joules power/energy-pkg/                                           
#           time             counts   unit events
   151.024834225              48.16 Joules power/energy-pkg/                                           
   152.024985602              50.86 Joules power/energy-pkg/                                           
   153.025107920              47.26 Joules power/energy-pkg/                                           
   154.025229200              46.96 Joules power/energy-pkg/                                           
   155.025397132              51.15 Joules power/energy-pkg/                                           
   156.025576951              50.53 Joules power/energy-pkg/                                           
   157.025726250              46.77 Joules power/energy-pkg/                                           
   158.025902941              47.65 Joules power/energy-pkg/                                           
   159.026028483              52.39 Joules power/energy-pkg/                                           
   160.026177412              49.25 Joules power/energy-pkg/                                           
   161.026316475              46.62 Joules power/energy-pkg/                                           
   162.026482720              41.96 Joules power/energy-pkg/                                           
   163.026607213              46.11 Joules power/energy-pkg/                                           
   164.026752488              49.48 Joules power/energy-pkg/                                           
   165.026891242              46.76 Joules power/energy-pkg/                                           
   166.027030814              46.47 Joules power/energy-pkg/                                           
   167.027179042              49.48 Joules power/energy-pkg/                                           
   168.027361286              50.41 Joules power/energy-pkg/                                           
   169.027489994              46.56 Joules power/energy-pkg/                                           
   170.027631810              46.48 Joules power/energy-pkg/                                           
   171.027755710              51.40 Joules power/energy-pkg/                                           
   172.027892224              48.79 Joules power/energy-pkg/                                           
   173.028038295              46.83 Joules power/energy-pkg/                                           
   174.028193486              46.96 Joules power/energy-pkg/                                           
   175.028354490              51.61 Joules power/energy-pkg/                                           
#           time             counts   unit events
   176.028528081              48.84 Joules power/energy-pkg/                                           
   177.028685788              46.69 Joules power/energy-pkg/                                           
   178.028812054              47.39 Joules power/energy-pkg/                                           
   179.028939821              37.51 Joules power/energy-pkg/                                           
   180.002083350              49.19 Joules power/energy-pkg/                                           
