# started on Fri Mar 19 13:18:13 2021

#           time             counts   unit events
     1.000118442               8.63 Joules power/energy-ram/                                           
     2.000382924               6.53 Joules power/energy-ram/                                           
     3.000514699               5.74 Joules power/energy-ram/                                           
     4.000658891               7.58 Joules power/energy-ram/                                           
     5.000859638               8.45 Joules power/energy-ram/                                           
     6.001086788               6.52 Joules power/energy-ram/                                           
     7.001234865               5.63 Joules power/energy-ram/                                           
     8.001400201               7.45 Joules power/energy-ram/                                           
     9.001589027               8.84 Joules power/energy-ram/                                           
    10.001741859               6.46 Joules power/energy-ram/                                           
    11.001885251               5.61 Joules power/energy-ram/                                           
    12.002051370               7.72 Joules power/energy-ram/                                           
    13.002239687               8.57 Joules power/energy-ram/                                           
    14.002393948               6.48 Joules power/energy-ram/                                           
    15.002536389               5.60 Joules power/energy-ram/                                           
    16.002691569               8.27 Joules power/energy-ram/                                           
    17.002873184               8.53 Joules power/energy-ram/                                           
    18.003028389               6.32 Joules power/energy-ram/                                           
    19.003169783               5.74 Joules power/energy-ram/                                           
    20.003290645               9.22 Joules power/energy-ram/                                           
    21.003439421               7.84 Joules power/energy-ram/                                           
    22.003613097               5.96 Joules power/energy-ram/                                           
    23.003763900               6.04 Joules power/energy-ram/                                           
    24.003910429              10.05 Joules power/energy-ram/                                           
    25.004040742               7.01 Joules power/energy-ram/                                           
#           time             counts   unit events
    26.004190102               5.71 Joules power/energy-ram/                                           
    27.004383520               5.91 Joules power/energy-ram/                                           
    28.004549246               9.69 Joules power/energy-ram/                                           
    29.004736008               7.30 Joules power/energy-ram/                                           
    30.004870413               5.70 Joules power/energy-ram/                                           
    31.005022673               7.53 Joules power/energy-ram/                                           
    32.005178242               9.01 Joules power/energy-ram/                                           
    33.005336199               6.64 Joules power/energy-ram/                                           
    34.005520522               5.81 Joules power/energy-ram/                                           
    35.005758723               9.03 Joules power/energy-ram/                                           
    36.005971316               7.93 Joules power/energy-ram/                                           
    37.006225583               6.09 Joules power/energy-ram/                                           
    38.006384168               6.04 Joules power/energy-ram/                                           
    39.006538240               9.99 Joules power/energy-ram/                                           
    40.006720584               7.03 Joules power/energy-ram/                                           
    41.006860374               5.71 Joules power/energy-ram/                                           
    42.007029228               6.05 Joules power/energy-ram/                                           
    43.007164942               6.01 Joules power/energy-ram/                                           
    44.007319949               8.63 Joules power/energy-ram/                                           
    45.007478832               6.81 Joules power/energy-ram/                                           
    46.007635089               5.60 Joules power/energy-ram/                                           
    47.007817994               7.18 Joules power/energy-ram/                                           
    48.007948902               9.09 Joules power/energy-ram/                                           
    49.008117779               6.66 Joules power/energy-ram/                                           
    50.008271486               5.65 Joules power/energy-ram/                                           
#           time             counts   unit events
    51.008430250               7.82 Joules power/energy-ram/                                           
    52.008602319               8.67 Joules power/energy-ram/                                           
    53.008756614               6.41 Joules power/energy-ram/                                           
    54.008902640               5.59 Joules power/energy-ram/                                           
    55.009024974               7.30 Joules power/energy-ram/                                           
    56.009149944               8.67 Joules power/energy-ram/                                           
    57.009279489               6.60 Joules power/energy-ram/                                           
    58.009416373               5.65 Joules power/energy-ram/                                           
    59.009601409               5.82 Joules power/energy-ram/                                           
    60.009734559               8.82 Joules power/energy-ram/                                           
    61.009877052               7.47 Joules power/energy-ram/                                           
    62.010020221               5.96 Joules power/energy-ram/                                           
    63.010173836               5.85 Joules power/energy-ram/                                           
    64.010348083               9.26 Joules power/energy-ram/                                           
    65.010555892               7.51 Joules power/energy-ram/                                           
    66.010714278               5.80 Joules power/energy-ram/                                           
    67.010874700               5.93 Joules power/energy-ram/                                           
    68.011037637               9.64 Joules power/energy-ram/                                           
    69.011195411               7.34 Joules power/energy-ram/                                           
    70.011345790               5.67 Joules power/energy-ram/                                           
    71.011527136               6.48 Joules power/energy-ram/                                           
    72.011719051               8.87 Joules power/energy-ram/                                           
    73.011877267               7.15 Joules power/energy-ram/                                           
    74.012030595               5.69 Joules power/energy-ram/                                           
    75.012186705               6.19 Joules power/energy-ram/                                           
#           time             counts   unit events
    76.012338549               8.71 Joules power/energy-ram/                                           
    77.012547163               7.72 Joules power/energy-ram/                                           
    78.012732339               5.87 Joules power/energy-ram/                                           
    79.012891601               5.88 Joules power/energy-ram/                                           
    80.013068335               8.63 Joules power/energy-ram/                                           
    81.013268615               7.85 Joules power/energy-ram/                                           
    82.013413303               5.93 Joules power/energy-ram/                                           
    83.013582713               5.88 Joules power/energy-ram/                                           
    84.013744419               9.43 Joules power/energy-ram/                                           
    85.013893068               7.51 Joules power/energy-ram/                                           
    86.014032290               5.78 Joules power/energy-ram/                                           
    87.014190484               6.01 Joules power/energy-ram/                                           
    88.014342257               9.90 Joules power/energy-ram/                                           
    89.014500197               7.02 Joules power/energy-ram/                                           
    90.014638847               5.64 Joules power/energy-ram/                                           
    91.014795222               6.57 Joules power/energy-ram/                                           
    92.014987963               9.75 Joules power/energy-ram/                                           
    93.015147086               6.95 Joules power/energy-ram/                                           
    94.015291635               5.66 Joules power/energy-ram/                                           
    95.015440264               7.27 Joules power/energy-ram/                                           
    96.015595765               8.98 Joules power/energy-ram/                                           
    97.015760706               6.64 Joules power/energy-ram/                                           
    98.015909336               5.58 Joules power/energy-ram/                                           
    99.016069415               8.51 Joules power/energy-ram/                                           
   100.016250695               8.42 Joules power/energy-ram/                                           
#           time             counts   unit events
   101.016431063               6.31 Joules power/energy-ram/                                           
   102.016596868               5.82 Joules power/energy-ram/                                           
   103.016821802               9.44 Joules power/energy-ram/                                           
   104.016997751               7.61 Joules power/energy-ram/                                           
   105.017139021               5.74 Joules power/energy-ram/                                           
   106.017260591               6.23 Joules power/energy-ram/                                           
   107.017397641               8.35 Joules power/energy-ram/                                           
   108.017568174               7.59 Joules power/energy-ram/                                           
   109.017726827               5.98 Joules power/energy-ram/                                           
   110.017915925               5.73 Joules power/energy-ram/                                           
   111.018036167               7.83 Joules power/energy-ram/                                           
   112.018172620               8.32 Joules power/energy-ram/                                           
   113.018301494               6.25 Joules power/energy-ram/                                           
   114.018436501               5.60 Joules power/energy-ram/                                           
   115.018592663               7.35 Joules power/energy-ram/                                           
   116.018771690               8.76 Joules power/energy-ram/                                           
   117.018948453               6.45 Joules power/energy-ram/                                           
   118.019092974               5.62 Joules power/energy-ram/                                           
   119.019259005               8.15 Joules power/energy-ram/                                           
   120.019439420               8.56 Joules power/energy-ram/                                           
   121.019582637               6.24 Joules power/energy-ram/                                           
   122.019738486               5.72 Joules power/energy-ram/                                           
   123.019922309               6.84 Joules power/energy-ram/                                           
   124.020065438               9.06 Joules power/energy-ram/                                           
   125.020220546               6.66 Joules power/energy-ram/                                           
#           time             counts   unit events
   126.020357921               5.65 Joules power/energy-ram/                                           
   127.020566583               7.38 Joules power/energy-ram/                                           
   128.020825023               9.01 Joules power/energy-ram/                                           
   129.020976468               6.54 Joules power/energy-ram/                                           
   130.021139920               5.61 Joules power/energy-ram/                                           
   131.021302564               8.15 Joules power/energy-ram/                                           
   132.021500443               8.50 Joules power/energy-ram/                                           
   133.021684076               6.23 Joules power/energy-ram/                                           
   134.021844452               5.73 Joules power/energy-ram/                                           
   135.021986509               8.70 Joules power/energy-ram/                                           
   136.022133585               8.04 Joules power/energy-ram/                                           
   137.022284871               6.17 Joules power/energy-ram/                                           
   138.022441367               5.81 Joules power/energy-ram/                                           
   139.022606244               8.42 Joules power/energy-ram/                                           
   140.022766648               7.91 Joules power/energy-ram/                                           
   141.022935729               6.04 Joules power/energy-ram/                                           
   142.023086133               5.81 Joules power/energy-ram/                                           
   143.023246923               9.19 Joules power/energy-ram/                                           
   144.023397063               7.77 Joules power/energy-ram/                                           
   145.023531444               5.79 Joules power/energy-ram/                                           
   146.023674389               5.96 Joules power/energy-ram/                                           
   147.023835775               8.65 Joules power/energy-ram/                                           
   148.023988595               7.78 Joules power/energy-ram/                                           
   149.024138766               6.10 Joules power/energy-ram/                                           
   150.024305079               5.77 Joules power/energy-ram/                                           
#           time             counts   unit events
   151.024472419               8.72 Joules power/energy-ram/                                           
   152.024641226               7.78 Joules power/energy-ram/                                           
   153.024820526               6.06 Joules power/energy-ram/                                           
   154.024978734               5.77 Joules power/energy-ram/                                           
   155.025158197               9.35 Joules power/energy-ram/                                           
   156.025311175               7.64 Joules power/energy-ram/                                           
   157.025459366               5.87 Joules power/energy-ram/                                           
   158.025646253               6.17 Joules power/energy-ram/                                           
   159.025864526               9.94 Joules power/energy-ram/                                           
   160.026012808               6.94 Joules power/energy-ram/                                           
   161.026161769               5.70 Joules power/energy-ram/                                           
   162.026343140               5.91 Joules power/energy-ram/                                           
   163.026467469               8.62 Joules power/energy-ram/                                           
   164.026606649               7.55 Joules power/energy-ram/                                           
   165.026760535               5.92 Joules power/energy-ram/                                           
   166.026892420               5.80 Joules power/energy-ram/                                           
   167.027058476               8.89 Joules power/energy-ram/                                           
   168.027252173               7.73 Joules power/energy-ram/                                           
   169.027407421               5.97 Joules power/energy-ram/                                           
   170.027577679               5.87 Joules power/energy-ram/                                           
   171.027789541               9.44 Joules power/energy-ram/                                           
   172.028035834               7.27 Joules power/energy-ram/                                           
   173.028197431               5.79 Joules power/energy-ram/                                           
   174.028363696               5.93 Joules power/energy-ram/                                           
   175.028526794               9.59 Joules power/energy-ram/                                           
#           time             counts   unit events
   176.028728254               7.05 Joules power/energy-ram/                                           
   177.028852925               5.75 Joules power/energy-ram/                                           
   178.028995365               6.23 Joules power/energy-ram/                                           
   179.029143043               6.48 Joules power/energy-ram/                                           
   180.002966733               8.37 Joules power/energy-ram/                                           
